{"/home/ot/priv/10dev/politico/src/src/types.ts": {"path":"/home/ot/priv/10dev/politico/src/src/types.ts","statementMap":{"0":{"start":{"line":383,"column":2},"end":{"line":383,"column":null}},"1":{"start":{"line":390,"column":2},"end":{"line":390,"column":null}},"2":{"start":{"line":397,"column":2},"end":{"line":397,"column":null}}},"fnMap":{"0":{"name":"isReportReason","decl":{"start":{"line":382,"column":16},"end":{"line":382,"column":31}},"loc":{"start":{"line":382,"column":70},"end":{"line":384,"column":null}},"line":382},"1":{"name":"isSortOrder","decl":{"start":{"line":389,"column":16},"end":{"line":389,"column":28}},"loc":{"start":{"line":389,"column":64},"end":{"line":391,"column":null}},"line":389},"2":{"name":"isTimeRange","decl":{"start":{"line":396,"column":16},"end":{"line":396,"column":28}},"loc":{"start":{"line":396,"column":84},"end":{"line":398,"column":null}},"line":396}},"branchMap":{"0":{"loc":{"start":{"line":383,"column":9},"end":{"line":383,"column":null}},"type":"binary-expr","locations":[{"start":{"line":383,"column":9},"end":{"line":383,"column":38}},{"start":{"line":383,"column":38},"end":{"line":383,"column":null}}],"line":383},"1":{"loc":{"start":{"line":390,"column":9},"end":{"line":390,"column":null}},"type":"binary-expr","locations":[{"start":{"line":390,"column":9},"end":{"line":390,"column":38}},{"start":{"line":390,"column":38},"end":{"line":390,"column":null}}],"line":390},"2":{"loc":{"start":{"line":397,"column":9},"end":{"line":397,"column":null}},"type":"binary-expr","locations":[{"start":{"line":397,"column":9},"end":{"line":397,"column":38}},{"start":{"line":397,"column":38},"end":{"line":397,"column":null}}],"line":397}},"s":{"0":30,"1":29,"2":44},"f":{"0":30,"1":29,"2":44},"b":{"0":[30,18],"1":[29,17],"2":[44,30]},"meta":{"lastBranch":3,"lastFunction":3,"lastStatement":3,"seen":{"f:382:16:382:31":0,"s:383:2:383:Infinity":0,"b:383:9:383:38:383:38:383:Infinity":0,"f:389:16:389:28":1,"s:390:2:390:Infinity":1,"b:390:9:390:38:390:38:390:Infinity":1,"f:396:16:396:28":2,"s:397:2:397:Infinity":2,"b:397:9:397:38:397:38:397:Infinity":2}}}
,"/home/ot/priv/10dev/politico/src/src/components/ui/button.tsx": {"path":"/home/ot/priv/10dev/politico/src/src/components/ui/button.tsx","statementMap":{"0":{"start":{"line":7,"column":6},"end":{"line":33,"column":null}},"1":{"start":{"line":45,"column":15},"end":{"line":45,"column":null}},"2":{"start":{"line":47,"column":2},"end":{"line":47,"column":null}}},"fnMap":{"0":{"name":"Button","decl":{"start":{"line":35,"column":9},"end":{"line":35,"column":16}},"loc":{"start":{"line":44,"column":5},"end":{"line":48,"column":null}},"line":44}},"branchMap":{"0":{"loc":{"start":{"line":39,"column":2},"end":{"line":39,"column":null}},"type":"default-arg","locations":[{"start":{"line":39,"column":12},"end":{"line":39,"column":null}}],"line":39},"1":{"loc":{"start":{"line":45,"column":15},"end":{"line":45,"column":null}},"type":"cond-expr","locations":[{"start":{"line":45,"column":25},"end":{"line":45,"column":32}},{"start":{"line":45,"column":32},"end":{"line":45,"column":null}}],"line":45}},"s":{"0":1,"1":15,"2":15},"f":{"0":15},"b":{"0":[15],"1":[0,15]},"meta":{"lastBranch":2,"lastFunction":1,"lastStatement":3,"seen":{"s:7:6:33:Infinity":0,"f:35:9:35:16":0,"b:39:12:39:Infinity":0,"s:45:15:45:Infinity":1,"b:45:25:45:32:45:32:45:Infinity":1,"s:47:2:47:Infinity":2}}}
,"/home/ot/priv/10dev/politico/src/src/db/client.ts": {"path":"/home/ot/priv/10dev/politico/src/src/db/client.ts","statementMap":{"0":{"start":{"line":21,"column":22},"end":{"line":21,"column":null}},"1":{"start":{"line":22,"column":25},"end":{"line":22,"column":null}},"2":{"start":{"line":24,"column":2},"end":{"line":28,"column":null}},"3":{"start":{"line":25,"column":4},"end":{"line":27,"column":null}},"4":{"start":{"line":30,"column":2},"end":{"line":35,"column":null}},"5":{"start":{"line":45,"column":22},"end":{"line":45,"column":null}},"6":{"start":{"line":46,"column":18},"end":{"line":46,"column":null}},"7":{"start":{"line":48,"column":2},"end":{"line":52,"column":null}},"8":{"start":{"line":49,"column":4},"end":{"line":51,"column":null}},"9":{"start":{"line":54,"column":2},"end":{"line":59,"column":null}},"10":{"start":{"line":70,"column":22},"end":{"line":70,"column":null}},"11":{"start":{"line":71,"column":18},"end":{"line":71,"column":null}},"12":{"start":{"line":73,"column":2},"end":{"line":77,"column":null}},"13":{"start":{"line":74,"column":4},"end":{"line":76,"column":null}},"14":{"start":{"line":79,"column":8},"end":{"line":89,"column":null}},"15":{"start":{"line":91,"column":2},"end":{"line":91,"column":null}}},"fnMap":{"0":{"name":"getSupabaseClient","decl":{"start":{"line":20,"column":16},"end":{"line":20,"column":52}},"loc":{"start":{"line":20,"column":52},"end":{"line":36,"column":null}},"line":20},"1":{"name":"getSupabaseClientAnon","decl":{"start":{"line":44,"column":16},"end":{"line":44,"column":56}},"loc":{"start":{"line":44,"column":56},"end":{"line":60,"column":null}},"line":44},"2":{"name":"getSupabaseClientForUser","decl":{"start":{"line":69,"column":16},"end":{"line":69,"column":41}},"loc":{"start":{"line":69,"column":78},"end":{"line":92,"column":null}},"line":69}},"branchMap":{"0":{"loc":{"start":{"line":24,"column":2},"end":{"line":28,"column":null}},"type":"if","locations":[{"start":{"line":24,"column":2},"end":{"line":28,"column":null}},{"start":{},"end":{}}],"line":24},"1":{"loc":{"start":{"line":24,"column":6},"end":{"line":24,"column":39}},"type":"binary-expr","locations":[{"start":{"line":24,"column":6},"end":{"line":24,"column":22}},{"start":{"line":24,"column":22},"end":{"line":24,"column":39}}],"line":24},"2":{"loc":{"start":{"line":48,"column":2},"end":{"line":52,"column":null}},"type":"if","locations":[{"start":{"line":48,"column":2},"end":{"line":52,"column":null}},{"start":{},"end":{}}],"line":48},"3":{"loc":{"start":{"line":48,"column":6},"end":{"line":48,"column":32}},"type":"binary-expr","locations":[{"start":{"line":48,"column":6},"end":{"line":48,"column":22}},{"start":{"line":48,"column":22},"end":{"line":48,"column":32}}],"line":48},"4":{"loc":{"start":{"line":73,"column":2},"end":{"line":77,"column":null}},"type":"if","locations":[{"start":{"line":73,"column":2},"end":{"line":77,"column":null}},{"start":{},"end":{}}],"line":73},"5":{"loc":{"start":{"line":73,"column":6},"end":{"line":73,"column":32}},"type":"binary-expr","locations":[{"start":{"line":73,"column":6},"end":{"line":73,"column":22}},{"start":{"line":73,"column":22},"end":{"line":73,"column":32}}],"line":73}},"s":{"0":0,"1":0,"2":0,"3":0,"4":0,"5":0,"6":0,"7":0,"8":0,"9":0,"10":0,"11":0,"12":0,"13":0,"14":0,"15":0},"f":{"0":0,"1":0,"2":0},"b":{"0":[0,0],"1":[0,0],"2":[0,0],"3":[0,0],"4":[0,0],"5":[0,0]},"meta":{"lastBranch":6,"lastFunction":3,"lastStatement":16,"seen":{"f:20:16:20:52":0,"s:21:22:21:Infinity":0,"s:22:25:22:Infinity":1,"b:24:2:28:Infinity:undefined:undefined:undefined:undefined":0,"s:24:2:28:Infinity":2,"b:24:6:24:22:24:22:24:39":1,"s:25:4:27:Infinity":3,"s:30:2:35:Infinity":4,"f:44:16:44:56":1,"s:45:22:45:Infinity":5,"s:46:18:46:Infinity":6,"b:48:2:52:Infinity:undefined:undefined:undefined:undefined":2,"s:48:2:52:Infinity":7,"b:48:6:48:22:48:22:48:32":3,"s:49:4:51:Infinity":8,"s:54:2:59:Infinity":9,"f:69:16:69:41":2,"s:70:22:70:Infinity":10,"s:71:18:71:Infinity":11,"b:73:2:77:Infinity:undefined:undefined:undefined:undefined":4,"s:73:2:77:Infinity":12,"b:73:6:73:22:73:22:73:32":5,"s:74:4:76:Infinity":13,"s:79:8:89:Infinity":14,"s:91:2:91:Infinity":15}}}
,"/home/ot/priv/10dev/politico/src/src/lib/auth-errors.ts": {"path":"/home/ot/priv/10dev/politico/src/src/lib/auth-errors.ts","statementMap":{"0":{"start":{"line":10,"column":21},"end":{"line":10,"column":null}},"1":{"start":{"line":13,"column":2},"end":{"line":15,"column":null}},"2":{"start":{"line":14,"column":4},"end":{"line":14,"column":null}},"3":{"start":{"line":18,"column":2},"end":{"line":24,"column":null}},"4":{"start":{"line":23,"column":4},"end":{"line":23,"column":null}},"5":{"start":{"line":27,"column":2},"end":{"line":32,"column":null}},"6":{"start":{"line":31,"column":4},"end":{"line":31,"column":null}},"7":{"start":{"line":35,"column":2},"end":{"line":37,"column":null}},"8":{"start":{"line":36,"column":4},"end":{"line":36,"column":null}},"9":{"start":{"line":40,"column":2},"end":{"line":42,"column":null}},"10":{"start":{"line":41,"column":4},"end":{"line":41,"column":null}},"11":{"start":{"line":45,"column":2},"end":{"line":47,"column":null}},"12":{"start":{"line":46,"column":4},"end":{"line":46,"column":null}},"13":{"start":{"line":50,"column":2},"end":{"line":52,"column":null}},"14":{"start":{"line":51,"column":4},"end":{"line":51,"column":null}},"15":{"start":{"line":55,"column":2},"end":{"line":57,"column":null}},"16":{"start":{"line":56,"column":4},"end":{"line":56,"column":null}},"17":{"start":{"line":59,"column":2},"end":{"line":59,"column":null}}},"fnMap":{"0":{"name":"mapAuthError","decl":{"start":{"line":9,"column":16},"end":{"line":9,"column":29}},"loc":{"start":{"line":9,"column":52},"end":{"line":60,"column":null}},"line":9}},"branchMap":{"0":{"loc":{"start":{"line":13,"column":2},"end":{"line":15,"column":null}},"type":"if","locations":[{"start":{"line":13,"column":2},"end":{"line":15,"column":null}},{"start":{},"end":{}}],"line":13},"1":{"loc":{"start":{"line":13,"column":6},"end":{"line":13,"column":108}},"type":"binary-expr","locations":[{"start":{"line":13,"column":6},"end":{"line":13,"column":58}},{"start":{"line":13,"column":58},"end":{"line":13,"column":108}}],"line":13},"2":{"loc":{"start":{"line":18,"column":2},"end":{"line":24,"column":null}},"type":"if","locations":[{"start":{"line":18,"column":2},"end":{"line":24,"column":null}},{"start":{},"end":{}}],"line":18},"3":{"loc":{"start":{"line":19,"column":4},"end":{"line":21,"column":null}},"type":"binary-expr","locations":[{"start":{"line":19,"column":4},"end":{"line":19,"column":null}},{"start":{"line":20,"column":4},"end":{"line":20,"column":null}},{"start":{"line":21,"column":4},"end":{"line":21,"column":null}}],"line":19},"4":{"loc":{"start":{"line":27,"column":2},"end":{"line":32,"column":null}},"type":"if","locations":[{"start":{"line":27,"column":2},"end":{"line":32,"column":null}},{"start":{},"end":{}}],"line":27},"5":{"loc":{"start":{"line":28,"column":4},"end":{"line":29,"column":null}},"type":"binary-expr","locations":[{"start":{"line":28,"column":4},"end":{"line":28,"column":null}},{"start":{"line":29,"column":5},"end":{"line":29,"column":36}},{"start":{"line":29,"column":36},"end":{"line":29,"column":68}},{"start":{"line":29,"column":68},"end":{"line":29,"column":null}}],"line":28},"6":{"loc":{"start":{"line":35,"column":2},"end":{"line":37,"column":null}},"type":"if","locations":[{"start":{"line":35,"column":2},"end":{"line":37,"column":null}},{"start":{},"end":{}}],"line":35},"7":{"loc":{"start":{"line":40,"column":2},"end":{"line":42,"column":null}},"type":"if","locations":[{"start":{"line":40,"column":2},"end":{"line":42,"column":null}},{"start":{},"end":{}}],"line":40},"8":{"loc":{"start":{"line":40,"column":6},"end":{"line":40,"column":85}},"type":"binary-expr","locations":[{"start":{"line":40,"column":6},"end":{"line":40,"column":43}},{"start":{"line":40,"column":43},"end":{"line":40,"column":85}}],"line":40},"9":{"loc":{"start":{"line":45,"column":2},"end":{"line":47,"column":null}},"type":"if","locations":[{"start":{"line":45,"column":2},"end":{"line":47,"column":null}},{"start":{},"end":{}}],"line":45},"10":{"loc":{"start":{"line":45,"column":6},"end":{"line":45,"column":95}},"type":"binary-expr","locations":[{"start":{"line":45,"column":6},"end":{"line":45,"column":52}},{"start":{"line":45,"column":52},"end":{"line":45,"column":95}}],"line":45},"11":{"loc":{"start":{"line":50,"column":2},"end":{"line":52,"column":null}},"type":"if","locations":[{"start":{"line":50,"column":2},"end":{"line":52,"column":null}},{"start":{},"end":{}}],"line":50},"12":{"loc":{"start":{"line":50,"column":6},"end":{"line":50,"column":107}},"type":"binary-expr","locations":[{"start":{"line":50,"column":6},"end":{"line":50,"column":40}},{"start":{"line":50,"column":40},"end":{"line":50,"column":72}},{"start":{"line":50,"column":72},"end":{"line":50,"column":107}}],"line":50},"13":{"loc":{"start":{"line":55,"column":2},"end":{"line":57,"column":null}},"type":"if","locations":[{"start":{"line":55,"column":2},"end":{"line":57,"column":null}},{"start":{},"end":{}}],"line":55},"14":{"loc":{"start":{"line":55,"column":6},"end":{"line":55,"column":33}},"type":"binary-expr","locations":[{"start":{"line":55,"column":6},"end":{"line":55,"column":15}},{"start":{"line":55,"column":15},"end":{"line":55,"column":33}}],"line":55}},"s":{"0":65,"1":65,"2":10,"3":55,"4":9,"5":46,"6":10,"7":36,"8":6,"9":30,"10":8,"11":22,"12":7,"13":15,"14":8,"15":7,"16":6,"17":1},"f":{"0":65},"b":{"0":[10,55],"1":[65,56],"2":[9,46],"3":[55,50,48],"4":[10,36],"5":[46,10,5,3],"6":[6,30],"7":[8,22],"8":[30,25],"9":[7,15],"10":[22,18],"11":[8,7],"12":[15,11,9],"13":[6,1],"14":[7,6]},"meta":{"lastBranch":15,"lastFunction":1,"lastStatement":18,"seen":{"f:9:16:9:29":0,"s:10:21:10:Infinity":0,"b:13:2:15:Infinity:undefined:undefined:undefined:undefined":0,"s:13:2:15:Infinity":1,"b:13:6:13:58:13:58:13:108":1,"s:14:4:14:Infinity":2,"b:18:2:24:Infinity:undefined:undefined:undefined:undefined":2,"s:18:2:24:Infinity":3,"b:19:4:19:Infinity:20:4:20:Infinity:21:4:21:Infinity":3,"s:23:4:23:Infinity":4,"b:27:2:32:Infinity:undefined:undefined:undefined:undefined":4,"s:27:2:32:Infinity":5,"b:28:4:28:Infinity:29:5:29:36:29:36:29:68:29:68:29:Infinity":5,"s:31:4:31:Infinity":6,"b:35:2:37:Infinity:undefined:undefined:undefined:undefined":6,"s:35:2:37:Infinity":7,"s:36:4:36:Infinity":8,"b:40:2:42:Infinity:undefined:undefined:undefined:undefined":7,"s:40:2:42:Infinity":9,"b:40:6:40:43:40:43:40:85":8,"s:41:4:41:Infinity":10,"b:45:2:47:Infinity:undefined:undefined:undefined:undefined":9,"s:45:2:47:Infinity":11,"b:45:6:45:52:45:52:45:95":10,"s:46:4:46:Infinity":12,"b:50:2:52:Infinity:undefined:undefined:undefined:undefined":11,"s:50:2:52:Infinity":13,"b:50:6:50:40:50:40:50:72:50:72:50:107":12,"s:51:4:51:Infinity":14,"b:55:2:57:Infinity:undefined:undefined:undefined:undefined":13,"s:55:2:57:Infinity":15,"b:55:6:55:15:55:15:55:33":14,"s:56:4:56:Infinity":16,"s:59:2:59:Infinity":17}}}
,"/home/ot/priv/10dev/politico/src/src/lib/openrouter-errors.ts": {"path":"/home/ot/priv/10dev/politico/src/src/lib/openrouter-errors.ts","statementMap":{"0":{"start":{"line":18,"column":4},"end":{"line":18,"column":null}},"1":{"start":{"line":15,"column":11},"end":{"line":15,"column":null}},"2":{"start":{"line":16,"column":11},"end":{"line":16,"column":null}},"3":{"start":{"line":19,"column":4},"end":{"line":19,"column":null}},"4":{"start":{"line":28,"column":4},"end":{"line":28,"column":null}},"5":{"start":{"line":29,"column":4},"end":{"line":29,"column":null}},"6":{"start":{"line":41,"column":4},"end":{"line":41,"column":null}},"7":{"start":{"line":39,"column":11},"end":{"line":39,"column":null}},"8":{"start":{"line":42,"column":4},"end":{"line":42,"column":null}},"9":{"start":{"line":54,"column":4},"end":{"line":54,"column":null}},"10":{"start":{"line":52,"column":11},"end":{"line":52,"column":null}},"11":{"start":{"line":55,"column":4},"end":{"line":55,"column":null}},"12":{"start":{"line":67,"column":4},"end":{"line":67,"column":null}},"13":{"start":{"line":65,"column":11},"end":{"line":65,"column":null}},"14":{"start":{"line":68,"column":4},"end":{"line":68,"column":null}},"15":{"start":{"line":80,"column":4},"end":{"line":80,"column":null}},"16":{"start":{"line":78,"column":11},"end":{"line":78,"column":null}},"17":{"start":{"line":81,"column":4},"end":{"line":81,"column":null}},"18":{"start":{"line":93,"column":4},"end":{"line":93,"column":null}},"19":{"start":{"line":91,"column":11},"end":{"line":91,"column":null}},"20":{"start":{"line":94,"column":4},"end":{"line":94,"column":null}}},"fnMap":{"0":{"name":"(anonymous_0)","decl":{"start":{"line":13,"column":2},"end":{"line":13,"column":null}},"loc":{"start":{"line":17,"column":4},"end":{"line":20,"column":null}},"line":17},"1":{"name":"(anonymous_1)","decl":{"start":{"line":27,"column":2},"end":{"line":27,"column":14}},"loc":{"start":{"line":27,"column":68},"end":{"line":30,"column":null}},"line":27},"2":{"name":"(anonymous_2)","decl":{"start":{"line":37,"column":2},"end":{"line":37,"column":null}},"loc":{"start":{"line":40,"column":4},"end":{"line":43,"column":null}},"line":40},"3":{"name":"(anonymous_3)","decl":{"start":{"line":50,"column":2},"end":{"line":50,"column":null}},"loc":{"start":{"line":53,"column":4},"end":{"line":56,"column":null}},"line":53},"4":{"name":"(anonymous_4)","decl":{"start":{"line":63,"column":2},"end":{"line":63,"column":null}},"loc":{"start":{"line":66,"column":4},"end":{"line":69,"column":null}},"line":66},"5":{"name":"(anonymous_5)","decl":{"start":{"line":76,"column":2},"end":{"line":76,"column":null}},"loc":{"start":{"line":79,"column":4},"end":{"line":82,"column":null}},"line":79},"6":{"name":"(anonymous_6)","decl":{"start":{"line":89,"column":2},"end":{"line":89,"column":null}},"loc":{"start":{"line":92,"column":4},"end":{"line":95,"column":null}},"line":92}},"branchMap":{"0":{"loc":{"start":{"line":27,"column":14},"end":{"line":27,"column":68}},"type":"default-arg","locations":[{"start":{"line":27,"column":24},"end":{"line":27,"column":68}}],"line":27},"1":{"loc":{"start":{"line":51,"column":4},"end":{"line":51,"column":null}},"type":"default-arg","locations":[{"start":{"line":51,"column":14},"end":{"line":51,"column":null}}],"line":51},"2":{"loc":{"start":{"line":90,"column":4},"end":{"line":90,"column":null}},"type":"default-arg","locations":[{"start":{"line":90,"column":14},"end":{"line":90,"column":null}}],"line":90}},"s":{"0":45,"1":45,"2":45,"3":45,"4":9,"5":9,"6":7,"7":7,"8":7,"9":7,"10":7,"11":7,"12":5,"13":5,"14":5,"15":5,"16":5,"17":5,"18":6,"19":6,"20":6},"f":{"0":45,"1":9,"2":7,"3":7,"4":5,"5":5,"6":6},"b":{"0":[9],"1":[7],"2":[6]},"meta":{"lastBranch":3,"lastFunction":7,"lastStatement":21,"seen":{"f:13:2:13:Infinity":0,"s:18:4:18:Infinity":0,"s:15:11:15:Infinity":1,"s:16:11:16:Infinity":2,"s:19:4:19:Infinity":3,"f:27:2:27:14":1,"b:27:24:27:68":0,"s:28:4:28:Infinity":4,"s:29:4:29:Infinity":5,"f:37:2:37:Infinity":2,"s:41:4:41:Infinity":6,"s:39:11:39:Infinity":7,"s:42:4:42:Infinity":8,"f:50:2:50:Infinity":3,"b:51:14:51:Infinity":1,"s:54:4:54:Infinity":9,"s:52:11:52:Infinity":10,"s:55:4:55:Infinity":11,"f:63:2:63:Infinity":4,"s:67:4:67:Infinity":12,"s:65:11:65:Infinity":13,"s:68:4:68:Infinity":14,"f:76:2:76:Infinity":5,"s:80:4:80:Infinity":15,"s:78:11:78:Infinity":16,"s:81:4:81:Infinity":17,"f:89:2:89:Infinity":6,"b:90:14:90:Infinity":2,"s:93:4:93:Infinity":18,"s:91:11:91:Infinity":19,"s:94:4:94:Infinity":20}}}
,"/home/ot/priv/10dev/politico/src/src/lib/utils.ts": {"path":"/home/ot/priv/10dev/politico/src/src/lib/utils.ts","statementMap":{"0":{"start":{"line":5,"column":2},"end":{"line":5,"column":null}}},"fnMap":{"0":{"name":"cn","decl":{"start":{"line":4,"column":16},"end":{"line":4,"column":22}},"loc":{"start":{"line":4,"column":44},"end":{"line":6,"column":null}},"line":4}},"branchMap":{},"s":{"0":15},"f":{"0":15},"b":{},"meta":{"lastBranch":0,"lastFunction":1,"lastStatement":1,"seen":{"f:4:16:4:22":0,"s:5:2:5:Infinity":0}}}
,"/home/ot/priv/10dev/politico/src/src/lib/utils/auth.ts": {"path":"/home/ot/priv/10dev/politico/src/src/lib/utils/auth.ts","statementMap":{"0":{"start":{"line":17,"column":2},"end":{"line":19,"column":null}},"1":{"start":{"line":18,"column":4},"end":{"line":18,"column":null}},"2":{"start":{"line":21,"column":2},"end":{"line":47,"column":null}},"3":{"start":{"line":23,"column":18},"end":{"line":23,"column":null}},"4":{"start":{"line":25,"column":4},"end":{"line":27,"column":null}},"5":{"start":{"line":26,"column":6},"end":{"line":26,"column":null}},"6":{"start":{"line":30,"column":10},"end":{"line":30,"column":null}},"7":{"start":{"line":36,"column":8},"end":{"line":36,"column":null}},"8":{"start":{"line":38,"column":4},"end":{"line":41,"column":null}},"9":{"start":{"line":39,"column":6},"end":{"line":39,"column":null}},"10":{"start":{"line":40,"column":6},"end":{"line":40,"column":null}},"11":{"start":{"line":43,"column":4},"end":{"line":43,"column":null}},"12":{"start":{"line":45,"column":4},"end":{"line":45,"column":null}},"13":{"start":{"line":46,"column":4},"end":{"line":46,"column":null}},"14":{"start":{"line":67,"column":2},"end":{"line":69,"column":null}},"15":{"start":{"line":68,"column":4},"end":{"line":68,"column":null}},"16":{"start":{"line":72,"column":2},"end":{"line":74,"column":null}},"17":{"start":{"line":73,"column":4},"end":{"line":73,"column":null}},"18":{"start":{"line":77,"column":24},"end":{"line":77,"column":null}},"19":{"start":{"line":78,"column":28},"end":{"line":78,"column":null}},"20":{"start":{"line":80,"column":2},"end":{"line":80,"column":null}},"21":{"start":{"line":91,"column":2},"end":{"line":93,"column":null}},"22":{"start":{"line":92,"column":4},"end":{"line":92,"column":null}},"23":{"start":{"line":94,"column":2},"end":{"line":94,"column":null}}},"fnMap":{"0":{"name":"getAuthenticatedUser","decl":{"start":{"line":15,"column":22},"end":{"line":15,"column":43}},"loc":{"start":{"line":15,"column":95},"end":{"line":48,"column":null}},"line":15},"1":{"name":"canUserModifyResource","decl":{"start":{"line":60,"column":16},"end":{"line":60,"column":null}},"loc":{"start":{"line":65,"column":11},"end":{"line":81,"column":null}},"line":65},"2":{"name":"getUserFromLocals","decl":{"start":{"line":90,"column":16},"end":{"line":90,"column":34}},"loc":{"start":{"line":90,"column":82},"end":{"line":95,"column":null}},"line":90}},"branchMap":{"0":{"loc":{"start":{"line":17,"column":2},"end":{"line":19,"column":null}},"type":"if","locations":[{"start":{"line":17,"column":2},"end":{"line":19,"column":null}},{"start":{},"end":{}}],"line":17},"1":{"loc":{"start":{"line":17,"column":6},"end":{"line":17,"column":56}},"type":"binary-expr","locations":[{"start":{"line":17,"column":6},"end":{"line":17,"column":21}},{"start":{"line":17,"column":21},"end":{"line":17,"column":56}}],"line":17},"2":{"loc":{"start":{"line":25,"column":4},"end":{"line":27,"column":null}},"type":"if","locations":[{"start":{"line":25,"column":4},"end":{"line":27,"column":null}},{"start":{},"end":{}}],"line":25},"3":{"loc":{"start":{"line":25,"column":8},"end":{"line":25,"column":45}},"type":"binary-expr","locations":[{"start":{"line":25,"column":8},"end":{"line":25,"column":18}},{"start":{"line":25,"column":18},"end":{"line":25,"column":45}}],"line":25},"4":{"loc":{"start":{"line":38,"column":4},"end":{"line":41,"column":null}},"type":"if","locations":[{"start":{"line":38,"column":4},"end":{"line":41,"column":null}},{"start":{},"end":{}}],"line":38},"5":{"loc":{"start":{"line":38,"column":8},"end":{"line":38,"column":24}},"type":"binary-expr","locations":[{"start":{"line":38,"column":8},"end":{"line":38,"column":17}},{"start":{"line":38,"column":17},"end":{"line":38,"column":24}}],"line":38},"6":{"loc":{"start":{"line":64,"column":2},"end":{"line":64,"column":null}},"type":"default-arg","locations":[{"start":{"line":64,"column":23},"end":{"line":64,"column":null}}],"line":64},"7":{"loc":{"start":{"line":67,"column":2},"end":{"line":69,"column":null}},"type":"if","locations":[{"start":{"line":67,"column":2},"end":{"line":69,"column":null}},{"start":{},"end":{}}],"line":67},"8":{"loc":{"start":{"line":72,"column":2},"end":{"line":74,"column":null}},"type":"if","locations":[{"start":{"line":72,"column":2},"end":{"line":74,"column":null}},{"start":{},"end":{}}],"line":72},"9":{"loc":{"start":{"line":91,"column":2},"end":{"line":93,"column":null}},"type":"if","locations":[{"start":{"line":91,"column":2},"end":{"line":93,"column":null}},{"start":{},"end":{}}],"line":91},"10":{"loc":{"start":{"line":91,"column":6},"end":{"line":91,"column":77}},"type":"binary-expr","locations":[{"start":{"line":91,"column":6},"end":{"line":91,"column":21}},{"start":{"line":91,"column":21},"end":{"line":91,"column":56}},{"start":{"line":91,"column":56},"end":{"line":91,"column":77}}],"line":91}},"s":{"0":0,"1":0,"2":0,"3":0,"4":0,"5":0,"6":0,"7":0,"8":0,"9":0,"10":0,"11":0,"12":0,"13":0,"14":18,"15":2,"16":16,"17":2,"18":14,"19":14,"20":14,"21":8,"22":3,"23":5},"f":{"0":0,"1":18,"2":8},"b":{"0":[0,0],"1":[0,0],"2":[0,0],"3":[0,0],"4":[0,0],"5":[0,0],"6":[18],"7":[2,16],"8":[2,14],"9":[3,5],"10":[8,5,4]},"meta":{"lastBranch":11,"lastFunction":3,"lastStatement":24,"seen":{"f:15:22:15:43":0,"b:17:2:19:Infinity:undefined:undefined:undefined:undefined":0,"s:17:2:19:Infinity":0,"b:17:6:17:21:17:21:17:56":1,"s:18:4:18:Infinity":1,"s:21:2:47:Infinity":2,"s:23:18:23:Infinity":3,"b:25:4:27:Infinity:undefined:undefined:undefined:undefined":2,"s:25:4:27:Infinity":4,"b:25:8:25:18:25:18:25:45":3,"s:26:6:26:Infinity":5,"s:30:10:30:Infinity":6,"s:36:8:36:Infinity":7,"b:38:4:41:Infinity:undefined:undefined:undefined:undefined":4,"s:38:4:41:Infinity":8,"b:38:8:38:17:38:17:38:24":5,"s:39:6:39:Infinity":9,"s:40:6:40:Infinity":10,"s:43:4:43:Infinity":11,"s:45:4:45:Infinity":12,"s:46:4:46:Infinity":13,"f:60:16:60:Infinity":1,"b:64:23:64:Infinity":6,"b:67:2:69:Infinity:undefined:undefined:undefined:undefined":7,"s:67:2:69:Infinity":14,"s:68:4:68:Infinity":15,"b:72:2:74:Infinity:undefined:undefined:undefined:undefined":8,"s:72:2:74:Infinity":16,"s:73:4:73:Infinity":17,"s:77:24:77:Infinity":18,"s:78:28:78:Infinity":19,"s:80:2:80:Infinity":20,"f:90:16:90:34":2,"b:91:2:93:Infinity:undefined:undefined:undefined:undefined":9,"s:91:2:93:Infinity":21,"b:91:6:91:21:91:21:91:56:91:56:91:77":10,"s:92:4:92:Infinity":22,"s:94:2:94:Infinity":23}}}
,"/home/ot/priv/10dev/politico/src/src/lib/utils/validation.ts": {"path":"/home/ot/priv/10dev/politico/src/src/lib/utils/validation.ts","statementMap":{"0":{"start":{"line":12,"column":2},"end":{"line":14,"column":null}},"1":{"start":{"line":13,"column":4},"end":{"line":13,"column":null}},"2":{"start":{"line":16,"column":20},"end":{"line":16,"column":null}},"3":{"start":{"line":17,"column":2},"end":{"line":17,"column":null}},"4":{"start":{"line":34,"column":24},"end":{"line":34,"column":null}},"5":{"start":{"line":35,"column":25},"end":{"line":35,"column":null}},"6":{"start":{"line":37,"column":2},"end":{"line":37,"column":null}},"7":{"start":{"line":46,"column":2},"end":{"line":48,"column":null}},"8":{"start":{"line":47,"column":4},"end":{"line":47,"column":null}},"9":{"start":{"line":49,"column":2},"end":{"line":49,"column":null}},"10":{"start":{"line":64,"column":2},"end":{"line":66,"column":null}},"11":{"start":{"line":65,"column":4},"end":{"line":65,"column":null}},"12":{"start":{"line":67,"column":2},"end":{"line":67,"column":null}},"13":{"start":{"line":76,"column":2},"end":{"line":78,"column":null}},"14":{"start":{"line":77,"column":4},"end":{"line":77,"column":null}},"15":{"start":{"line":79,"column":2},"end":{"line":79,"column":null}},"16":{"start":{"line":88,"column":2},"end":{"line":90,"column":null}},"17":{"start":{"line":89,"column":4},"end":{"line":89,"column":null}},"18":{"start":{"line":92,"column":15},"end":{"line":92,"column":null}},"19":{"start":{"line":93,"column":2},"end":{"line":93,"column":null}},"20":{"start":{"line":103,"column":2},"end":{"line":105,"column":null}},"21":{"start":{"line":104,"column":4},"end":{"line":104,"column":null}},"22":{"start":{"line":107,"column":2},"end":{"line":109,"column":null}},"23":{"start":{"line":108,"column":4},"end":{"line":108,"column":null}},"24":{"start":{"line":111,"column":2},"end":{"line":111,"column":null}}},"fnMap":{"0":{"name":"isValidUUID","decl":{"start":{"line":11,"column":16},"end":{"line":11,"column":28}},"loc":{"start":{"line":11,"column":51},"end":{"line":18,"column":null}},"line":11},"1":{"name":"validatePaginationParams","decl":{"start":{"line":27,"column":16},"end":{"line":27,"column":null}},"loc":{"start":{"line":33,"column":2},"end":{"line":38,"column":null}},"line":33},"2":{"name":"validateTimeRange","decl":{"start":{"line":45,"column":16},"end":{"line":45,"column":34}},"loc":{"start":{"line":45,"column":85},"end":{"line":50,"column":null}},"line":45},"3":{"name":"validateSortField","decl":{"start":{"line":59,"column":16},"end":{"line":59,"column":null}},"loc":{"start":{"line":63,"column":5},"end":{"line":68,"column":null}},"line":63},"4":{"name":"validateSortOrder","decl":{"start":{"line":75,"column":16},"end":{"line":75,"column":34}},"loc":{"start":{"line":75,"column":66},"end":{"line":80,"column":null}},"line":75},"5":{"name":"isValidISODate","decl":{"start":{"line":87,"column":16},"end":{"line":87,"column":31}},"loc":{"start":{"line":87,"column":60},"end":{"line":94,"column":null}},"line":87},"6":{"name":"isValidString","decl":{"start":{"line":102,"column":16},"end":{"line":102,"column":30}},"loc":{"start":{"line":102,"column":74},"end":{"line":112,"column":null}},"line":102}},"branchMap":{"0":{"loc":{"start":{"line":12,"column":2},"end":{"line":14,"column":null}},"type":"if","locations":[{"start":{"line":12,"column":2},"end":{"line":14,"column":null}},{"start":{},"end":{}}],"line":12},"1":{"loc":{"start":{"line":12,"column":6},"end":{"line":12,"column":41}},"type":"binary-expr","locations":[{"start":{"line":12,"column":6},"end":{"line":12,"column":15}},{"start":{"line":12,"column":15},"end":{"line":12,"column":41}}],"line":12},"2":{"loc":{"start":{"line":34,"column":36},"end":{"line":34,"column":45}},"type":"binary-expr","locations":[{"start":{"line":34,"column":36},"end":{"line":34,"column":44}},{"start":{"line":34,"column":44},"end":{"line":34,"column":45}}],"line":34},"3":{"loc":{"start":{"line":35,"column":51},"end":{"line":35,"column":62}},"type":"binary-expr","locations":[{"start":{"line":35,"column":51},"end":{"line":35,"column":60}},{"start":{"line":35,"column":60},"end":{"line":35,"column":62}}],"line":35},"4":{"loc":{"start":{"line":46,"column":2},"end":{"line":48,"column":null}},"type":"if","locations":[{"start":{"line":46,"column":2},"end":{"line":48,"column":null}},{"start":{},"end":{}}],"line":46},"5":{"loc":{"start":{"line":46,"column":6},"end":{"line":46,"column":71}},"type":"binary-expr","locations":[{"start":{"line":46,"column":6},"end":{"line":46,"column":20}},{"start":{"line":46,"column":20},"end":{"line":46,"column":71}}],"line":46},"6":{"loc":{"start":{"line":64,"column":2},"end":{"line":66,"column":null}},"type":"if","locations":[{"start":{"line":64,"column":2},"end":{"line":66,"column":null}},{"start":{},"end":{}}],"line":64},"7":{"loc":{"start":{"line":64,"column":6},"end":{"line":64,"column":55}},"type":"binary-expr","locations":[{"start":{"line":64,"column":6},"end":{"line":64,"column":17}},{"start":{"line":64,"column":17},"end":{"line":64,"column":55}}],"line":64},"8":{"loc":{"start":{"line":76,"column":2},"end":{"line":78,"column":null}},"type":"if","locations":[{"start":{"line":76,"column":2},"end":{"line":78,"column":null}},{"start":{},"end":{}}],"line":76},"9":{"loc":{"start":{"line":76,"column":6},"end":{"line":76,"column":50}},"type":"binary-expr","locations":[{"start":{"line":76,"column":6},"end":{"line":76,"column":16}},{"start":{"line":76,"column":16},"end":{"line":76,"column":50}}],"line":76},"10":{"loc":{"start":{"line":88,"column":2},"end":{"line":90,"column":null}},"type":"if","locations":[{"start":{"line":88,"column":2},"end":{"line":90,"column":null}},{"start":{},"end":{}}],"line":88},"11":{"loc":{"start":{"line":88,"column":6},"end":{"line":88,"column":53}},"type":"binary-expr","locations":[{"start":{"line":88,"column":6},"end":{"line":88,"column":21}},{"start":{"line":88,"column":21},"end":{"line":88,"column":53}}],"line":88},"12":{"loc":{"start":{"line":93,"column":9},"end":{"line":93,"column":null}},"type":"binary-expr","locations":[{"start":{"line":93,"column":9},"end":{"line":93,"column":35}},{"start":{"line":93,"column":35},"end":{"line":93,"column":null}}],"line":93},"13":{"loc":{"start":{"line":103,"column":2},"end":{"line":105,"column":null}},"type":"if","locations":[{"start":{"line":103,"column":2},"end":{"line":105,"column":null}},{"start":{},"end":{}}],"line":103},"14":{"loc":{"start":{"line":103,"column":6},"end":{"line":103,"column":72}},"type":"binary-expr","locations":[{"start":{"line":103,"column":6},"end":{"line":103,"column":16}},{"start":{"line":103,"column":16},"end":{"line":103,"column":45}},{"start":{"line":103,"column":45},"end":{"line":103,"column":72}}],"line":103},"15":{"loc":{"start":{"line":107,"column":2},"end":{"line":109,"column":null}},"type":"if","locations":[{"start":{"line":107,"column":2},"end":{"line":109,"column":null}},{"start":{},"end":{}}],"line":107},"16":{"loc":{"start":{"line":107,"column":6},"end":{"line":107,"column":45}},"type":"binary-expr","locations":[{"start":{"line":107,"column":6},"end":{"line":107,"column":19}},{"start":{"line":107,"column":19},"end":{"line":107,"column":45}}],"line":107}},"s":{"0":11,"1":4,"2":7,"3":7,"4":9,"5":9,"6":9,"7":9,"8":5,"9":4,"10":5,"11":3,"12":2,"13":7,"14":5,"15":2,"16":9,"17":4,"18":5,"19":5,"20":13,"21":6,"22":7,"23":2,"24":5},"f":{"0":11,"1":9,"2":9,"3":5,"4":7,"5":9,"6":13},"b":{"0":[4,7],"1":[11,8],"2":[9,2],"3":[9,2],"4":[5,4],"5":[9,6],"6":[3,2],"7":[5,4],"8":[5,2],"9":[7,4],"10":[4,5],"11":[9,6],"12":[5,4],"13":[6,7],"14":[13,10,9],"15":[2,5],"16":[7,4]},"meta":{"lastBranch":17,"lastFunction":7,"lastStatement":25,"seen":{"f:11:16:11:28":0,"b:12:2:14:Infinity:undefined:undefined:undefined:undefined":0,"s:12:2:14:Infinity":0,"b:12:6:12:15:12:15:12:41":1,"s:13:4:13:Infinity":1,"s:16:20:16:Infinity":2,"s:17:2:17:Infinity":3,"f:27:16:27:Infinity":1,"s:34:24:34:Infinity":4,"b:34:36:34:44:34:44:34:45":2,"s:35:25:35:Infinity":5,"b:35:51:35:60:35:60:35:62":3,"s:37:2:37:Infinity":6,"f:45:16:45:34":2,"b:46:2:48:Infinity:undefined:undefined:undefined:undefined":4,"s:46:2:48:Infinity":7,"b:46:6:46:20:46:20:46:71":5,"s:47:4:47:Infinity":8,"s:49:2:49:Infinity":9,"f:59:16:59:Infinity":3,"b:64:2:66:Infinity:undefined:undefined:undefined:undefined":6,"s:64:2:66:Infinity":10,"b:64:6:64:17:64:17:64:55":7,"s:65:4:65:Infinity":11,"s:67:2:67:Infinity":12,"f:75:16:75:34":4,"b:76:2:78:Infinity:undefined:undefined:undefined:undefined":8,"s:76:2:78:Infinity":13,"b:76:6:76:16:76:16:76:50":9,"s:77:4:77:Infinity":14,"s:79:2:79:Infinity":15,"f:87:16:87:31":5,"b:88:2:90:Infinity:undefined:undefined:undefined:undefined":10,"s:88:2:90:Infinity":16,"b:88:6:88:21:88:21:88:53":11,"s:89:4:89:Infinity":17,"s:92:15:92:Infinity":18,"s:93:2:93:Infinity":19,"b:93:9:93:35:93:35:93:Infinity":12,"f:102:16:102:30":6,"b:103:2:105:Infinity:undefined:undefined:undefined:undefined":13,"s:103:2:105:Infinity":20,"b:103:6:103:16:103:16:103:45:103:45:103:72":14,"s:104:4:104:Infinity":21,"b:107:2:109:Infinity:undefined:undefined:undefined:undefined":15,"s:107:2:109:Infinity":22,"b:107:6:107:19:107:19:107:45":16,"s:108:4:108:Infinity":23,"s:111:2:111:Infinity":24}}}
,"/home/ot/priv/10dev/politico/src/src/pages/api/health.ts": {"path":"/home/ot/priv/10dev/politico/src/src/pages/api/health.ts","statementMap":{"0":{"start":{"line":3,"column":29},"end":{"line":16,"column":null}},"1":{"start":{"line":4,"column":2},"end":{"line":15,"column":null}}},"fnMap":{"0":{"name":"(anonymous_0)","decl":{"start":{"line":3,"column":29},"end":{"line":3,"column":41}},"loc":{"start":{"line":3,"column":41},"end":{"line":16,"column":null}},"line":3}},"branchMap":{},"s":{"0":1,"1":5},"f":{"0":5},"b":{},"meta":{"lastBranch":0,"lastFunction":1,"lastStatement":2,"seen":{"s:3:29:16:Infinity":0,"f:3:29:3:41":0,"s:4:2:15:Infinity":1}}}
,"/home/ot/priv/10dev/politico/src/src/pages/api/auth/signout.ts": {"path":"/home/ot/priv/10dev/politico/src/src/pages/api/auth/signout.ts","statementMap":{"0":{"start":{"line":10,"column":25},"end":{"line":10,"column":null}},"1":{"start":{"line":23,"column":30},"end":{"line":52,"column":null}},"2":{"start":{"line":24,"column":2},"end":{"line":51,"column":null}},"3":{"start":{"line":26,"column":10},"end":{"line":26,"column":null}},"4":{"start":{"line":29,"column":22},"end":{"line":29,"column":null}},"5":{"start":{"line":31,"column":4},"end":{"line":33,"column":null}},"6":{"start":{"line":32,"column":6},"end":{"line":32,"column":null}},"7":{"start":{"line":37,"column":24},"end":{"line":37,"column":null}},"8":{"start":{"line":39,"column":4},"end":{"line":41,"column":null}},"9":{"start":{"line":40,"column":6},"end":{"line":40,"column":null}},"10":{"start":{"line":44,"column":4},"end":{"line":44,"column":null}},"11":{"start":{"line":46,"column":4},"end":{"line":46,"column":null}},"12":{"start":{"line":50,"column":4},"end":{"line":50,"column":null}}},"fnMap":{"0":{"name":"(anonymous_0)","decl":{"start":{"line":23,"column":30},"end":{"line":23,"column":37}},"loc":{"start":{"line":23,"column":63},"end":{"line":52,"column":null}},"line":23},"1":{"name":"(anonymous_1)","decl":{"start":{"line":39,"column":24},"end":{"line":39,"column":25}},"loc":{"start":{"line":39,"column":34},"end":{"line":41,"column":5}},"line":39}},"branchMap":{"0":{"loc":{"start":{"line":31,"column":4},"end":{"line":33,"column":null}},"type":"if","locations":[{"start":{"line":31,"column":4},"end":{"line":33,"column":null}},{"start":{},"end":{}}],"line":31}},"s":{"0":1,"1":1,"2":3,"3":3,"4":3,"5":2,"6":1,"7":2,"8":2,"9":6,"10":2,"11":1,"12":1},"f":{"0":3,"1":6},"b":{"0":[1,1]},"meta":{"lastBranch":1,"lastFunction":2,"lastStatement":13,"seen":{"s:10:25:10:Infinity":0,"s:23:30:52:Infinity":1,"f:23:30:23:37":0,"s:24:2:51:Infinity":2,"s:26:10:26:Infinity":3,"s:29:22:29:Infinity":4,"b:31:4:33:Infinity:undefined:undefined:undefined:undefined":0,"s:31:4:33:Infinity":5,"s:32:6:32:Infinity":6,"s:37:24:37:Infinity":7,"s:39:4:41:Infinity":8,"f:39:24:39:25":1,"s:40:6:40:Infinity":9,"s:44:4:44:Infinity":10,"s:46:4:46:Infinity":11,"s:50:4:50:Infinity":12}}}
}
